2025-01-25 18:47:58,964 : INFO : __main__ : Outputting files to: data\output
2025-01-25 18:47:58,964 : INFO : __main__ : Loading areas
2025-01-25 18:47:58,967 : DEBUG : __main__ : Loaded areas
2025-01-25 18:47:58,967 : INFO : __main__ : Creating forecasts
2025-01-25 18:47:58,968 : DEBUG : __main__ : Created areas
2025-01-25 18:47:58,968 : INFO : __main__ : Updating forecasts
2025-01-25 18:47:59,503 : DEBUG : __main__ : Forecast data for Dalkey Quarry updated
2025-01-25 18:48:00,023 : DEBUG : __main__ : Forecast data for Glendalough updated
2025-01-25 18:48:00,544 : DEBUG : __main__ : Forecast data for Fair Head updated
2025-01-25 18:48:01,062 : DEBUG : __main__ : Forecast data for Ailladie updated
2025-01-25 18:48:01,580 : DEBUG : __main__ : Forecast data for Gap of Dunloe updated
2025-01-25 18:48:02,100 : DEBUG : __main__ : Forecast data for Muckros Head updated
2025-01-25 18:48:02,617 : DEBUG : __main__ : Forecast data for Lower Cove (Mournes) updated
2025-01-25 18:48:03,135 : DEBUG : __main__ : Forecast data for Cruit Island updated
2025-01-25 18:48:03,652 : DEBUG : __main__ : Forecast data for Garron Point updated
2025-01-25 18:48:04,184 : DEBUG : __main__ : Forecast data for Inis Mór updated
2025-01-25 18:48:04,704 : DEBUG : __main__ : Forecast data for I90 Exit 32 updated
2025-01-25 18:48:05,230 : DEBUG : __main__ : Forecast data for I90 Exit 38 updated
2025-01-25 18:48:05,749 : DEBUG : __main__ : Forecast data for Index updated
2025-01-25 18:48:06,268 : DEBUG : __main__ : Forecast data for Leavenworth (Icicle Buttress) updated
2025-01-25 18:48:06,789 : DEBUG : __main__ : Forecast data for Mount Erie updated
2025-01-25 18:48:07,307 : DEBUG : __main__ : Forecast data for Tieton (The Bend) updated
2025-01-25 18:48:07,826 : DEBUG : __main__ : Forecast data for Mazama updated
2025-01-25 18:48:08,347 : DEBUG : __main__ : Forecast data for Frenchman Coulee (Vantage) updated
2025-01-25 18:48:08,864 : DEBUG : __main__ : Forecast data for Squamish (Grand Wall) updated
2025-01-25 18:48:09,397 : DEBUG : __main__ : Forecast data for Smith Rock updated
2025-01-25 18:48:09,397 : DEBUG : __main__ : Updated forecasts
2025-01-25 18:48:09,397 : INFO : __main__ : Rendering pages
2025-01-25 18:48:09,682 : DEBUG : __main__ : Rendered pages
2025-01-25 18:48:09,682 : INFO : __main__ : Complete
